15:21:25.711 [JavaFX Application Thread] DEBUG GameApplication      - Logger initialized
15:21:25.729 [JavaFX Application Thread] DEBUG GameApplication      - Logging settings
Title: Basic Game App
Version: 0.0
Width: 800
Height: 600
Fullscreen: false
Intro: false
Menus: false
Profiling: false
Single step:false
App Mode: DEVELOPER
Menu Key: ESCAPE
Stage Style: DECORATED
Scene Factory: class com.almasb.fxgl.scene.SceneFactory
Dialog Factory: class com.almasb.fxgl.ui.FXGLDialogFactory
UI Factory: class com.almasb.fxgl.ui.FXGLUIFactory
Notification Service: class com.almasb.fxgl.gameplay.notification.XboxNotificationView
Exception Handler: class com.almasb.fxgl.app.FXGLExceptionHandler
15:21:25.730 [JavaFX Application Thread] DEBUG GameApplication      - Starting FXGL
15:21:25.736 [JavaFX Application Thread] INFO  FXGL                 - FXGL-0.5.4 on DESKTOP
15:21:25.737 [JavaFX Application Thread] INFO  FXGL                 - Source code and latest versions at: https://github.com/AlmasB/FXGL
15:21:25.737 [JavaFX Application Thread] INFO  FXGL                 -              Join the FXGL chat at: https://gitter.im/AlmasB/FXGL
15:21:25.737 [JavaFX Application Thread] DEBUG FXGL                 - FXGL started
15:21:25.737 [JavaFX Application Thread] DEBUG FXGL                 - Initializing FXGL
15:21:25.792 [JavaFX Application Thread] DEBUG AssetLoader          - Loading from disk: /assets/ui/cursors/fxgl_default.png
15:21:26.007 [JavaFX Application Thread] DEBUG AssetLoader          - Loading from disk: /assets/ui/fonts/VarelaRound-Regular.ttf
15:21:31.125 [JavaFX Application Thread] DEBUG MainWindow           - Creating a JavaFX scene
15:21:31.167 [JavaFX Application Thread] DEBUG MainWindow           - Target settings size: 800.0 x 600.0
15:21:31.168 [JavaFX Application Thread] DEBUG MainWindow           - Scaled scene size:    800.0 x 600.0
15:21:31.168 [JavaFX Application Thread] DEBUG MainWindow           - Scaled ratio: (1.0, 1.0)
15:21:31.170 [JavaFX Application Thread] DEBUG AssetLoader          - Loading from disk: /assets/ui/css/fxgl_dark.css
15:21:31.174 [JavaFX Application Thread] DEBUG AssetLoader          - Loading from disk: /assets/textures/fxgl_icon.png
15:21:31.187 [JavaFX Application Thread] DEBUG MainWindow           - Opening main window
15:21:31.673 [JavaFX Application Thread] DEBUG MainWindow           - Window border size: (6.0, 28.0)
15:21:31.673 [JavaFX Application Thread] DEBUG MainWindow           - Scaled size: 800.0 x 600.0
15:21:31.674 [JavaFX Application Thread] DEBUG MainWindow           - Scaled ratio: (1.0, 1.0)
15:21:31.674 [JavaFX Application Thread] DEBUG MainWindow           - Scene size: 800.0 x 600.0
15:21:31.674 [JavaFX Application Thread] DEBUG MainWindow           - Stage size: 806.0 x 628.0
15:21:31.699 [ForkJoinPool.commonPool-worker-1] DEBUG FS                   - Loaded DesktopFSService
15:21:31.702 [ForkJoinPool.commonPool-worker-1] DEBUG FXGL                 - Loading default FXGL system data
15:21:31.704 [ForkJoinPool.commonPool-worker-1] DEBUG FXGL                 - Initializing state machine and application states
15:21:31.705 [ForkJoinPool.commonPool-worker-2] DEBUG UpdaterTask          - Checking for updates
15:21:31.705 [ForkJoinPool.commonPool-worker-1] DEBUG AssetLoader          - Loading from disk: /assets/ui/cursors/fxgl_default.png
15:21:31.709 [ForkJoinPool.commonPool-worker-1] DEBUG AssetLoader          - Loading from disk: /assets/ui/cursors/fxgl_default.png
15:21:31.719 [ForkJoinPool.commonPool-worker-1] DEBUG AssetLoader          - Loading from cache: /assets/ui/fonts/VarelaRound-Regular.ttf
15:21:31.721 [ForkJoinPool.commonPool-worker-1] DEBUG AssetLoader          - Loading from disk: /assets/ui/cursors/fxgl_default.png
15:21:31.725 [ForkJoinPool.commonPool-worker-1] DEBUG GameScene            - Game scene initialized: 800x600
15:21:31.733 [ForkJoinPool.commonPool-worker-1] DEBUG GameWorld            - Game world initialized
15:21:31.789 [ForkJoinPool.commonPool-worker-1] DEBUG PhysicsWorld         - Physics world initialized: appHeight=600, physics.ppm=50.0
15:21:31.799 [ForkJoinPool.commonPool-worker-1] DEBUG Input                - Registered new binding: Pause - Esc
15:21:31.882 [JavaFX Application Thread] DEBUG FXGL                 - Running preInit()
15:21:31.883 [JavaFX Application Thread] DEBUG Input                - Registered new binding: Screenshot - P
15:21:31.884 [JavaFX Application Thread] DEBUG Input                - Registered new binding: Dev Options - CTRL+0
15:21:31.884 [JavaFX Application Thread] DEBUG Input                - Registered new binding: System info dump - CTRL+9
15:21:31.884 [JavaFX Application Thread] DEBUG Input                - Registered new binding: Restart - CTRL+R
15:21:31.886 [JavaFX Application Thread] INFO  FXGL                 - FXGL initialization took: 6.148 sec
15:21:31.886 [JavaFX Application Thread] DEBUG LoopRunner           - Starting loop
15:21:31.888 [JavaFX Application Thread] DEBUG StartupState         - STARTUP
15:21:31.888 [JavaFX Application Thread] DEBUG GameApplication      - Starting new game
15:21:31.888 [JavaFX Application Thread] DEBUG Input                - Clearing active input actions
15:21:31.889 [JavaFX Application Thread] DEBUG AssetLoader          - Loading from disk: /assets/ui/css/fxgl_dark.css
15:21:31.894 [JavaFX Application Thread] DEBUG AppStateMachine      - StartupState -> LoadingState
15:21:31.902 [FXGL Background Thread 1 ] DEBUG InitAppTask          - Clearing previous game
15:21:31.902 [FXGL Background Thread 1 ] DEBUG GameWorld            - Clearing game world
15:21:31.902 [FXGL Background Thread 1 ] DEBUG PhysicsWorld         - Clearing physics world
15:21:31.902 [FXGL Background Thread 1 ] DEBUG GameScene            - Clearing game scene
15:21:31.903 [FXGL Background Thread 1 ] DEBUG InitAppTask          - Initializing Game
15:21:31.962 [FXGL Background Thread 1 ] DEBUG InitAppTask          - Initializing Physics
15:21:31.964 [FXGL Background Thread 1 ] DEBUG InitAppTask          - Initializing UI
15:21:31.964 [FXGL Background Thread 1 ] DEBUG InitAppTask          - Initialization Complete
15:21:31.964 [FXGL Background Thread 1 ] INFO  InitAppTask          - Game initialization took: 0.062 sec
15:21:32.038 [JavaFX Application Thread] DEBUG Input                - Clearing active input actions
15:21:32.038 [JavaFX Application Thread] DEBUG AssetLoader          - Loading from disk: /assets/ui/css/fxgl_dark.css
15:21:32.042 [JavaFX Application Thread] DEBUG AppStateMachine      - LoadingState -> PlayState
15:21:35.508 [JavaFX Application Thread] DEBUG FXGL                 - Exiting FXGL
15:21:35.509 [JavaFX Application Thread] DEBUG FXGL                 - Shutting down background threads
15:21:35.509 [JavaFX Application Thread] DEBUG FXGL                 - Saving FXGL system data
15:21:35.511 [JavaFX Application Thread] DEBUG DesktopFSService     - Writing to: system\fxgl.bundle
15:21:35.517 [JavaFX Application Thread] DEBUG FXGL                 - Closing logger and exiting JavaFX
