2018-09-14 10:14:08.947 [restartedMain] INFO  com.vict5220.LogApplication [StartupInfoLogger.java:48] - Starting LogApplication on PC1 with PID 18080 (D:\ww\workSpace\ME2018WS\learn-log\target\classes started by Administrator in D:\ww\workSpace\ME2018WS\learn-log)
2018-09-14 10:14:08.948 [restartedMain] INFO  com.vict5220.LogApplication [SpringApplication.java:593] - No active profile set, falling back to default profiles: default
2018-09-14 10:14:08.950 [restartedMain] INFO  org.springframework.boot.context.embedded.AnnotationConfigEmbeddedWebApplicationContext [AbstractApplicationContext.java:583] - Refreshing org.springframework.boot.context.embedded.AnnotationConfigEmbeddedWebApplicationContext@78a4487c: startup date [Fri Sep 14 10:14:08 CST 2018]; root of context hierarchy
2018-09-14 10:14:09.248 [restartedMain] INFO  org.springframework.boot.context.embedded.tomcat.TomcatEmbeddedServletContainer [TomcatEmbeddedServletContainer.java:89] - Tomcat initialized with port(s): 8080 (http)
2018-09-14 10:14:09.249 [restartedMain] INFO  org.apache.catalina.core.StandardService [DirectJDKLog.java:179] - Starting service [Tomcat]
2018-09-14 10:14:09.249 [restartedMain] INFO  org.apache.catalina.core.StandardEngine [DirectJDKLog.java:179] - Starting Servlet Engine: Apache Tomcat/8.5.16
2018-09-14 10:14:09.271 [localhost-startStop-1] INFO  org.apache.catalina.core.ContainerBase.[Tomcat].[localhost].[/] [DirectJDKLog.java:179] - Initializing Spring embedded WebApplicationContext
2018-09-14 10:14:09.272 [localhost-startStop-1] INFO  org.springframework.web.context.ContextLoader [EmbeddedWebApplicationContext.java:276] - Root WebApplicationContext: initialization completed in 322 ms
2018-09-14 10:14:09.290 [localhost-startStop-1] INFO  org.springframework.boot.web.servlet.ServletRegistrationBean [ServletRegistrationBean.java:190] - Mapping servlet: 'dispatcherServlet' to [/]
2018-09-14 10:14:09.291 [localhost-startStop-1] INFO  org.springframework.boot.web.servlet.FilterRegistrationBean [AbstractFilterRegistrationBean.java:258] - Mapping filter: 'characterEncodingFilter' to: [/*]
2018-09-14 10:14:09.291 [localhost-startStop-1] INFO  org.springframework.boot.web.servlet.FilterRegistrationBean [AbstractFilterRegistrationBean.java:258] - Mapping filter: 'hiddenHttpMethodFilter' to: [/*]
2018-09-14 10:14:09.291 [localhost-startStop-1] INFO  org.springframework.boot.web.servlet.FilterRegistrationBean [AbstractFilterRegistrationBean.java:258] - Mapping filter: 'httpPutFormContentFilter' to: [/*]
2018-09-14 10:14:09.292 [localhost-startStop-1] INFO  org.springframework.boot.web.servlet.FilterRegistrationBean [AbstractFilterRegistrationBean.java:258] - Mapping filter: 'requestContextFilter' to: [/*]
2018-09-14 10:14:09.345 [restartedMain] INFO  org.springframework.web.servlet.mvc.method.annotation.RequestMappingHandlerAdapter [RequestMappingHandlerAdapter.java:534] - Looking for @ControllerAdvice: org.springframework.boot.context.embedded.AnnotationConfigEmbeddedWebApplicationContext@78a4487c: startup date [Fri Sep 14 10:14:08 CST 2018]; root of context hierarchy
2018-09-14 10:14:09.351 [restartedMain] INFO  org.springframework.web.servlet.mvc.method.annotation.RequestMappingHandlerMapping [AbstractHandlerMethodMapping.java:543] - Mapped "{[/test]}" onto public java.lang.String com.vict5220.controller.LogTestController.test(javax.servlet.http.HttpServletRequest)
2018-09-14 10:14:09.352 [restartedMain] INFO  org.springframework.web.servlet.mvc.method.annotation.RequestMappingHandlerMapping [AbstractHandlerMethodMapping.java:543] - Mapped "{[/error]}" onto public org.springframework.http.ResponseEntity<java.util.Map<java.lang.String, java.lang.Object>> org.springframework.boot.autoconfigure.web.BasicErrorController.error(javax.servlet.http.HttpServletRequest)
2018-09-14 10:14:09.353 [restartedMain] INFO  org.springframework.web.servlet.mvc.method.annotation.RequestMappingHandlerMapping [AbstractHandlerMethodMapping.java:543] - Mapped "{[/error],produces=[text/html]}" onto public org.springframework.web.servlet.ModelAndView org.springframework.boot.autoconfigure.web.BasicErrorController.errorHtml(javax.servlet.http.HttpServletRequest,javax.servlet.http.HttpServletResponse)
2018-09-14 10:14:09.357 [restartedMain] INFO  org.springframework.web.servlet.handler.SimpleUrlHandlerMapping [AbstractUrlHandlerMapping.java:362] - Mapped URL path [/webjars/**] onto handler of type [class org.springframework.web.servlet.resource.ResourceHttpRequestHandler]
2018-09-14 10:14:09.358 [restartedMain] INFO  org.springframework.web.servlet.handler.SimpleUrlHandlerMapping [AbstractUrlHandlerMapping.java:362] - Mapped URL path [/**] onto handler of type [class org.springframework.web.servlet.resource.ResourceHttpRequestHandler]
2018-09-14 10:14:09.365 [restartedMain] INFO  org.springframework.web.servlet.handler.SimpleUrlHandlerMapping [AbstractUrlHandlerMapping.java:362] - Mapped URL path [/**/favicon.ico] onto handler of type [class org.springframework.web.servlet.resource.ResourceHttpRequestHandler]
2018-09-14 10:14:09.387 [restartedMain] INFO  org.springframework.boot.devtools.autoconfigure.OptionalLiveReloadServer [OptionalLiveReloadServer.java:58] - LiveReload server is running on port 35729
2018-09-14 10:14:09.417 [restartedMain] INFO  org.springframework.jmx.export.annotation.AnnotationMBeanExporter [MBeanExporter.java:431] - Registering beans for JMX exposure on startup
2018-09-14 10:14:09.431 [restartedMain] INFO  org.springframework.boot.context.embedded.tomcat.TomcatEmbeddedServletContainer [TomcatEmbeddedServletContainer.java:201] - Tomcat started on port(s): 8080 (http)
2018-09-14 10:14:09.433 [restartedMain] INFO  com.vict5220.LogApplication [StartupInfoLogger.java:57] - Started LogApplication in 0.536 seconds (JVM running for 51.172)
2018-09-14 10:14:12.337 [http-nio-8080-exec-1] INFO  org.apache.catalina.core.ContainerBase.[Tomcat].[localhost].[/] [DirectJDKLog.java:179] - Initializing Spring FrameworkServlet 'dispatcherServlet'
2018-09-14 10:14:12.338 [http-nio-8080-exec-1] INFO  org.springframework.web.servlet.DispatcherServlet [FrameworkServlet.java:489] - FrameworkServlet 'dispatcherServlet': initialization started
2018-09-14 10:14:12.347 [http-nio-8080-exec-1] INFO  org.springframework.web.servlet.DispatcherServlet [FrameworkServlet.java:508] - FrameworkServlet 'dispatcherServlet': initialization completed in 9 ms
2018-09-14 10:14:12.348 [http-nio-8080-exec-1] INFO  com.vict5220.controller.LogTestController [LogTestController.java:29] - 本地日志:127.0.0.1
2018-09-14 10:14:44.982 [Thread-10] INFO  org.springframework.boot.context.embedded.AnnotationConfigEmbeddedWebApplicationContext [AbstractApplicationContext.java:984] - Closing org.springframework.boot.context.embedded.AnnotationConfigEmbeddedWebApplicationContext@78a4487c: startup date [Fri Sep 14 10:14:08 CST 2018]; root of context hierarchy
2018-09-14 10:14:44.985 [Thread-10] INFO  org.springframework.jmx.export.annotation.AnnotationMBeanExporter [MBeanExporter.java:449] - Unregistering JMX-exposed beans on shutdown
